0 info it worked if it ends with ok
1 verbose cli [ '/usr/bin/nodejs', '/usr/bin/npm', 'run', 'dev:client' ]
2 info using npm@3.5.2
3 info using node@v4.7.2
4 verbose config Skipping project config: /home/osboxes/.npmrc. (matches userconfig)
5 verbose stack Error: missing script: dev:client
5 verbose stack     at run (/usr/share/npm/lib/run-script.js:147:19)
5 verbose stack     at /usr/share/npm/lib/run-script.js:57:5
5 verbose stack     at /usr/share/npm/node_modules/read-package-json/read-json.js:345:5
5 verbose stack     at checkBinReferences_ (/usr/share/npm/node_modules/read-package-json/read-json.js:309:45)
5 verbose stack     at final (/usr/share/npm/node_modules/read-package-json/read-json.js:343:3)
5 verbose stack     at then (/usr/share/npm/node_modules/read-package-json/read-json.js:113:5)
5 verbose stack     at ReadFileContext.<anonymous> (/usr/share/npm/node_modules/read-package-json/read-json.js:284:20)
5 verbose stack     at ReadFileContext.callback (/usr/share/npm/node_modules/graceful-fs/graceful-fs.js:76:16)
5 verbose stack     at FSReqWrap.readFileAfterOpen [as oncomplete] (fs.js:303:13)
6 verbose cwd /home/osboxes/code/mob-pro
7 error Linux 4.10.0-21-generic
8 error argv "/usr/bin/nodejs" "/usr/bin/npm" "run" "dev:client"
9 error node v4.7.2
10 error npm  v3.5.2
11 error missing script: dev:client
12 error If you need help, you may report this error at:
12 error     <https://github.com/npm/npm/issues>
13 verbose exit [ 1, true ]
